Error[105]   D:\UNIVERSITY\SEMESTER6\EMBDDED\PROJECTS\EX001.X\MAIN.ASM 1 : Cannot open file (Include File "PIC16F877A.INC" not found)
Warning[205] D:\UNIVERSITY\SEMESTER6\EMBDDED\PROJECTS\EX001.X\MAIN.ASM 3 : Found directive in column 1. (__CONFIG)
Error[113]   D:\UNIVERSITY\SEMESTER6\EMBDDED\PROJECTS\EX001.X\MAIN.ASM 3 : Symbol not previously defined (_FOSC_XT)
Error[113]   D:\UNIVERSITY\SEMESTER6\EMBDDED\PROJECTS\EX001.X\MAIN.ASM 3 : Symbol not previously defined (_WDTE_OFF)
Error[113]   D:\UNIVERSITY\SEMESTER6\EMBDDED\PROJECTS\EX001.X\MAIN.ASM 3 : Symbol not previously defined (_PWRTE_OFF)
Error[113]   D:\UNIVERSITY\SEMESTER6\EMBDDED\PROJECTS\EX001.X\MAIN.ASM 3 : Symbol not previously defined (_BROEN_OFF)
Error[113]   D:\UNIVERSITY\SEMESTER6\EMBDDED\PROJECTS\EX001.X\MAIN.ASM 3 : Symbol not previously defined (_LVP_OFF)
Error[113]   D:\UNIVERSITY\SEMESTER6\EMBDDED\PROJECTS\EX001.X\MAIN.ASM 3 : Symbol not previously defined (_CPD_OFF)
Error[113]   D:\UNIVERSITY\SEMESTER6\EMBDDED\PROJECTS\EX001.X\MAIN.ASM 3 : Symbol not previously defined (_WRT_OFF)
Error[113]   D:\UNIVERSITY\SEMESTER6\EMBDDED\PROJECTS\EX001.X\MAIN.ASM 3 : Symbol not previously defined (_CP_OFF)
Warning[207] D:\UNIVERSITY\SEMESTER6\EMBDDED\PROJECTS\EX001.X\MAIN.ASM 12 : Found label after column 1. (BSP)
Error[122]   D:\UNIVERSITY\SEMESTER6\EMBDDED\PROJECTS\EX001.X\MAIN.ASM 12 : Illegal opcode (STATUS)
Error[113]   D:\UNIVERSITY\SEMESTER6\EMBDDED\PROJECTS\EX001.X\MAIN.ASM 13 : Symbol not previously defined (TRISB)
Error[113]   D:\UNIVERSITY\SEMESTER6\EMBDDED\PROJECTS\EX001.X\MAIN.ASM 14 : Symbol not previously defined (TRISD)
Error[113]   D:\UNIVERSITY\SEMESTER6\EMBDDED\PROJECTS\EX001.X\MAIN.ASM 15 : Symbol not previously defined (STATUS)
Error[113]   D:\UNIVERSITY\SEMESTER6\EMBDDED\PROJECTS\EX001.X\MAIN.ASM 15 : Symbol not previously defined (RPO)
Error[113]   D:\UNIVERSITY\SEMESTER6\EMBDDED\PROJECTS\EX001.X\MAIN.ASM 16 : Symbol not previously defined (PORTB)
Error[113]   D:\UNIVERSITY\SEMESTER6\EMBDDED\PROJECTS\EX001.X\MAIN.ASM 17 : Symbol not previously defined (PORTD)
Error[113]   D:\UNIVERSITY\SEMESTER6\EMBDDED\PROJECTS\EX001.X\MAIN.ASM 18 : Symbol not previously defined (PORTB)
Error[113]   D:\UNIVERSITY\SEMESTER6\EMBDDED\PROJECTS\EX001.X\MAIN.ASM 22 : Symbol not previously defined (PORTD)
